  MyGraphicScene.cpp
  main.cpp
  plot.cpp
D:\code\git\qt\plot\MyGraphicsScene.h(152,38): warning C4100: “event”: 未引用的形参
  (编译源文件“plot.cpp”)
  
D:\code\git\qt\plot\MyGraphicsScene.h(152,38): warning C4100: “event”: 未引用的形参
  (编译源文件“main.cpp”)
  
D:\code\git\qt\plot\MyGraphicsScene.h(152,38): warning C4100: “event”: 未引用的形参
  (编译源文件“MyGraphicScene.cpp”)
  
D:\code\git\qt\plot\MyGraphicScene.cpp(42,15): warning C4189: “ratio_position”: 局部变量已初始化但不引用
D:\code\git\qt\plot\MyGraphicScene.cpp(221,15): warning C4189: “scale_vertical”: 局部变量已初始化但不引用
D:\code\git\qt\plot\MyGraphicScene.cpp(226,13): warning C4189: “number_data”: 局部变量已初始化但不引用
D:\code\git\qt\plot\MyGraphicScene.cpp(237,15): warning C4189: “cnt_path”: 局部变量已初始化但不引用
D:\code\git\qt\plot\MyGraphicScene.cpp(220,15): warning C4189: “scale_horizon”: 局部变量已初始化但不引用
D:\code\git\qt\plot\MyGraphicScene.cpp(318,13): warning C4189: “cnt_ite”: 局部变量已初始化但不引用
D:\code\git\qt\plot\MyGraphicScene.cpp(317,15): warning C4189: “height_now”: 局部变量已初始化但不引用
D:\code\git\qt\plot\MyGraphicScene.cpp(475,13): warning C4189: “tick_interval”: 局部变量已初始化但不引用
D:\code\git\qt\plot\MyGraphicScene.cpp(454,13): warning C4189: “width_each”: 局部变量已初始化但不引用
D:\code\git\qt\plot\MyGraphicScene.cpp(476,13): warning C4189: “tick_length”: 局部变量已初始化但不引用
D:\code\git\qt\plot\MyGraphicScene.cpp(532,15): warning C4189: “distance_this”: 局部变量已初始化但不引用
D:\code\git\qt\plot\MyGraphicScene.cpp(534,15): warning C4189: “line_vertical”: 局部变量已初始化但不引用
D:\code\git\qt\plot\MyGraphicScene.cpp(568,15): warning C4189: “ratio_position”: 局部变量已初始化但不引用
  moc_MyGraphicsScene.cpp
  moc_plot.cpp
D:\code\git\qt\plot\MyGraphicsScene.h(152,38): warning C4100: “event”: 未引用的形参
  (编译源文件“Debug/moc_MyGraphicsScene.cpp”)
  
D:\code\git\qt\plot\MyGraphicsScene.h(152,38): warning C4100: “event”: 未引用的形参
  (编译源文件“Debug/moc_plot.cpp”)
  
  plot.vcxproj -> D:\code\git\qt\plot\debug\plot.exe
