e:\qt files\plot\debug\main.obj
e:\qt files\plot\debug\plot.obj
e:\qt files\plot\debug\vc141.pdb
e:\qt files\plot\debug\moc_plot.obj
e:\qt files\plot\debug\moc_predefs.h
e:\qt files\plot\debug\plot.exe
e:\qt files\plot\debug\plot.ilk
e:\qt files\plot\debug\plot.pdb
e:\qt files\plot\debug\moc_plot.cpp
e:\qt files\plot\ui_plot.h
e:\qt files\plot\debug\plot.tlog\cl.command.1.tlog
e:\qt files\plot\debug\plot.tlog\cl.read.1.tlog
e:\qt files\plot\debug\plot.tlog\cl.write.1.tlog
e:\qt files\plot\debug\plot.tlog\custombuild.command.1.tlog
e:\qt files\plot\debug\plot.tlog\custombuild.read.1.tlog
e:\qt files\plot\debug\plot.tlog\custombuild.write.1.tlog
e:\qt files\plot\debug\plot.tlog\link.12228.delete.1.tlog
e:\qt files\plot\debug\plot.tlog\link.19064.delete.1.tlog
e:\qt files\plot\debug\plot.tlog\link.command.1.tlog
e:\qt files\plot\debug\plot.tlog\link.read.1.tlog
e:\qt files\plot\debug\plot.tlog\link.write.1.tlog
e:\qt files\plot\debug\plot.tlog\moc.read.1u.tlog
e:\qt files\plot\debug\plot.tlog\moc.write.1u.tlog
e:\qt files\plot\debug\plot.tlog\plot.write.1u.tlog
e:\qt files\plot\debug\plot.tlog\uic.read.1u.tlog
e:\qt files\plot\debug\plot.tlog\uic.write.1u.tlog
